Statistical profiling result from ProfilingDebugFork.log, (1380 ticks, 6 unaccounted, 0 excluded).

 [Shared libraries]:
   ticks  total  nonlib   name
     42    3.0%          /usr/lib/system/libsystem_pthread.dylib
      2    0.1%          /usr/lib/system/libsystem_malloc.dylib
      2    0.1%          /usr/lib/system/libsystem_c.dylib

 [JavaScript]:
   ticks  total  nonlib   name
      2    0.1%    0.1%  LazyCompile: *resolve node:path:1091:10
      2    0.1%    0.1%  LazyCompile: *Module._nodeModulePaths node:internal/modules/cjs/loader:629:37
      1    0.1%    0.1%  RegExp: ^((?:@[^/\\%]+\/)?[^./\\%][^/\\%]*)(\/.*)?$
      1    0.1%    0.1%  LazyCompile: *normalizeString node:path:66:25
      1    0.1%    0.1%  Function: ^tryFile node:internal/modules/cjs/loader:384:17
      1    0.1%    0.1%  Function: ^tryExtensions node:internal/modules/cjs/loader:400:23
      1    0.1%    0.1%  Function: ^toRealPath node:internal/modules/cjs/loader:393:20
      1    0.1%    0.1%  Function: ^syncExports node:internal/bootstrap/loaders:287:14
      1    0.1%    0.1%  Function: ^stat node:internal/modules/cjs/loader:151:14
      1    0.1%    0.1%  Function: ^realpathSync node:fs:2408:22
      1    0.1%    0.1%  Function: ^nativeModuleRequire node:internal/bootstrap/loaders:332:29
      1    0.1%    0.1%  Function: ^Module._nodeModulePaths node:internal/modules/cjs/loader:629:37
      1    0.1%    0.1%  Function: ^Module._load node:internal/modules/cjs/loader:757:24
      1    0.1%    0.1%  Function: ^Module._findPath node:internal/modules/cjs/loader:494:28

 [C++]:
   ticks  total  nonlib   name
    253   18.3%   19.0%  t auto node::options_parser::OptionsParser<node::PerIsolateOptions>::Convert<node::options_parser::OptionsParser<node::EnvironmentOptions>::BaseOptionField, node::EnvironmentOptions>(std::__1::shared_ptr<node::options_parser::OptionsParser<node::EnvironmentOptions>::BaseOptionField>, node::EnvironmentOptions* (node::PerIsolateOptions::*)())::AdaptedField::LookupImpl(node::PerIsolateOptions*) const
    233   16.9%   17.5%  T node::contextify::ContextifyContext::CompileFunction(v8::FunctionCallbackInfo<v8::Value> const&)
    232   16.8%   17.4%  t node::fs::Read(v8::FunctionCallbackInfo<v8::Value> const&)
    188   13.6%   14.1%  T node::native_module::NativeModuleEnv::CompileFunction(v8::FunctionCallbackInfo<v8::Value> const&)
     91    6.6%    6.8%  t node::fs::InternalModuleReadJSON(v8::FunctionCallbackInfo<v8::Value> const&)
     77    5.6%    5.8%  T ___guarded_open_np
     70    5.1%    5.2%  t node::fs::InternalModuleStat(v8::FunctionCallbackInfo<v8::Value> const&)
     22    1.6%    1.6%  T _mach_vm_purgable_control
     12    0.9%    0.9%  T _getaudit
      7    0.5%    0.5%  T _freopen
      6    0.4%    0.4%  t _szone_malloc_should_clear
      6    0.4%    0.4%  t ___vfprintf
      6    0.4%    0.4%  T _mach_msg_server_once
      5    0.4%    0.4%  t std::__1::vector<std::__1::locale::facet*, std::__1::__sso_allocator<std::__1::locale::facet*, 28ul> >::deallocate()
      5    0.4%    0.4%  T _fputws_l
      4    0.3%    0.3%  t std::__1::ostreambuf_iterator<char, std::__1::char_traits<char> > std::__1::__pad_and_output<char, std::__1::char_traits<char> >(std::__1::ostreambuf_iterator<char, std::__1::char_traits<char> >, char const*, char const*, char const*, std::__1::ios_base&, char)
      4    0.3%    0.3%  t std::__1::basic_ostream<char, std::__1::char_traits<char> >& std::__1::__put_character_sequence<char, std::__1::char_traits<char> >(std::__1::basic_ostream<char, std::__1::char_traits<char> >&, char const*, unsigned long)
      4    0.3%    0.3%  t node::fs::Open(v8::FunctionCallbackInfo<v8::Value> const&)
      4    0.3%    0.3%  t ___inaddr_to_index
      4    0.3%    0.3%  T ___fread
      3    0.2%    0.2%  t node::fs::Stat(v8::FunctionCallbackInfo<v8::Value> const&)
      3    0.2%    0.2%  t ___find_warguments
      3    0.2%    0.2%  T std::__1::basic_istream<wchar_t, std::__1::char_traits<wchar_t> >::getline(wchar_t*, long)
      3    0.2%    0.2%  T node::loader::ModuleWrap::New(v8::FunctionCallbackInfo<v8::Value> const&)
      3    0.2%    0.2%  T node::fs::Close(v8::FunctionCallbackInfo<v8::Value> const&)
      3    0.2%    0.2%  T node::binding::GetInternalBinding(v8::FunctionCallbackInfo<v8::Value> const&)
      3    0.2%    0.2%  T node::binding::DLOpen(v8::FunctionCallbackInfo<v8::Value> const&)
      3    0.2%    0.2%  T __swrite
      2    0.1%    0.1%  t void node::Buffer::(anonymous namespace)::StringSlice<(node::encoding)1>(v8::FunctionCallbackInfo<v8::Value> const&)
      2    0.1%    0.1%  t __vasprintf
      2    0.1%    0.1%  t __os_unfair_lock_unlock_slow
      2    0.1%    0.1%  t __malloc_initialize
      2    0.1%    0.1%  t ___fputwc
      2    0.1%    0.1%  T std::__1::basic_istream<wchar_t, std::__1::char_traits<wchar_t> >::get(std::__1::basic_streambuf<wchar_t, std::__1::char_traits<wchar_t> >&, wchar_t)
      2    0.1%    0.1%  T _fputwc
      1    0.1%    0.1%  t void std::__1::__tree_balance_after_insert<std::__1::__tree_node_base<void*>*>(std::__1::__tree_node_base<void*>*, std::__1::__tree_node_base<void*>*)
      1    0.1%    0.1%  t void std::__1::__sort<node::Environment::RunCleanup()::$_6&, node::CleanupHookCallback*>(node::CleanupHookCallback*, node::CleanupHookCallback*, node::Environment::RunCleanup()::$_6&)
      1    0.1%    0.1%  t v8impl::(anonymous namespace)::NewEnv(v8::Local<v8::Context>, std::__1::basic_string<char, std::__1::char_traits<char>, std::__1::allocator<char> > const&)::'lambda'(void*)::__invoke(void*)
      1    0.1%    0.1%  t std::__1::__hash_iterator<std::__1::__hash_node<node::CleanupHookCallback, void*>*> std::__1::__hash_table<node::CleanupHookCallback, node::CleanupHookCallback::Hash, node::CleanupHookCallback::Equal, std::__1::allocator<node::CleanupHookCallback> >::find<node::CleanupHookCallback>(node::CleanupHookCallback const&)
      1    0.1%    0.1%  t std::__1::__future_error_category::name() const
      1    0.1%    0.1%  t node::fs::LStat(v8::FunctionCallbackInfo<v8::Value> const&)
      1    0.1%    0.1%  t node::EnvGetter(v8::Local<v8::Name>, v8::PropertyCallbackInfo<v8::Value> const&)
      1    0.1%    0.1%  t node::BaseObject::~BaseObject()
      1    0.1%    0.1%  t _update_cache_for_file_streams
      1    0.1%    0.1%  t _szone_batch_free
      1    0.1%    0.1%  t _mvm_allocate_pages
      1    0.1%    0.1%  t _malloc_zone_register_while_locked
      1    0.1%    0.1%  t _insert_node
      1    0.1%    0.1%  t __platform_memmove$VARIANT$Base
      1    0.1%    0.1%  t __platform_memchr$VARIANT$Base
      1    0.1%    0.1%  t __os_unfair_lock_lock_slow
      1    0.1%    0.1%  t __class_initialize
      1    0.1%    0.1%  t ___vfwscanf
      1    0.1%    0.1%  t ___printf_render_vis
      1    0.1%    0.1%  t ___printf_flush
      1    0.1%    0.1%  T std::__1::locale::operator==(std::__1::locale const&) const
      1    0.1%    0.1%  T std::__1::basic_istream<wchar_t, std::__1::char_traits<wchar_t> >::getline(wchar_t*, long, wchar_t)
      1    0.1%    0.1%  T node::worker::JSTransferable::New(v8::FunctionCallbackInfo<v8::Value> const&)
      1    0.1%    0.1%  T node::options_parser::GetCLIOptions(v8::FunctionCallbackInfo<v8::Value> const&)
      1    0.1%    0.1%  T node::loader::ModuleWrap::Link(v8::FunctionCallbackInfo<v8::Value> const&)
      1    0.1%    0.1%  T node::loader::ModuleWrap::Instantiate(v8::FunctionCallbackInfo<v8::Value> const&)
      1    0.1%    0.1%  T node::loader::ModuleWrap::GetNamespace(v8::FunctionCallbackInfo<v8::Value> const&)
      1    0.1%    0.1%  T node::loader::ModuleWrap::Evaluate(v8::FunctionCallbackInfo<v8::Value> const&)
      1    0.1%    0.1%  T node::i18n::ConverterObject::Decode(v8::FunctionCallbackInfo<v8::Value> const&)
      1    0.1%    0.1%  T node::i18n::ConverterObject::Create(v8::FunctionCallbackInfo<v8::Value> const&)
      1    0.1%    0.1%  T node::fs::FileHandle::Close(v8::FunctionCallbackInfo<v8::Value> const&)
      1    0.1%    0.1%  T node::Environment::~Environment()
      1    0.1%    0.1%  T node::Environment::AtExit(void (*)(void*), void*)
      1    0.1%    0.1%  T _vm_allocate
      1    0.1%    0.1%  T _os_unfair_lock_assert_not_owner
      1    0.1%    0.1%  T _kpersona_info
      1    0.1%    0.1%  T _catopen
      1    0.1%    0.1%  T __sseek
      1    0.1%    0.1%  T __sread
      1    0.1%    0.1%  T ___sflush
      1    0.1%    0.1%  T ___mach_stack_logging_get_frames_for_stackid

 [Summary]:
   ticks  total  nonlib   name
     16    1.2%    1.2%  JavaScript
   1312   95.1%   98.4%  C++
     24    1.7%    1.8%  GC
     46    3.3%          Shared libraries
      6    0.4%          Unaccounted

 [C++ entry points]:
   ticks    cpp   total   name
   1255   99.9%   90.9%  t auto node::options_parser::OptionsParser<node::PerIsolateOptions>::Convert<node::options_parser::OptionsParser<node::EnvironmentOptions>::BaseOptionField, node::EnvironmentOptions>(std::__1::shared_ptr<node::options_parser::OptionsParser<node::EnvironmentOptions>::BaseOptionField>, node::EnvironmentOptions* (node::PerIsolateOptions::*)())::AdaptedField::LookupImpl(node::PerIsolateOptions*) const
      1    0.1%    0.1%  T node::loader::ModuleWrap::Evaluate(v8::FunctionCallbackInfo<v8::Value> const&)

 [Bottom up (heavy) profile]:
  Note: percentage shows a share of a particular caller in the total
  amount of its parent calls.
  Callers occupying less than 1.0% are not shown.

   ticks parent  name
    253   18.3%  t auto node::options_parser::OptionsParser<node::PerIsolateOptions>::Convert<node::options_parser::OptionsParser<node::EnvironmentOptions>::BaseOptionField, node::EnvironmentOptions>(std::__1::shared_ptr<node::options_parser::OptionsParser<node::EnvironmentOptions>::BaseOptionField>, node::EnvironmentOptions* (node::PerIsolateOptions::*)())::AdaptedField::LookupImpl(node::PerIsolateOptions*) const
    154   60.9%    t auto node::options_parser::OptionsParser<node::PerIsolateOptions>::Convert<node::options_parser::OptionsParser<node::EnvironmentOptions>::BaseOptionField, node::EnvironmentOptions>(std::__1::shared_ptr<node::options_parser::OptionsParser<node::EnvironmentOptions>::BaseOptionField>, node::EnvironmentOptions* (node::PerIsolateOptions::*)())::AdaptedField::LookupImpl(node::PerIsolateOptions*) const
     25   16.2%      t auto node::options_parser::OptionsParser<node::PerIsolateOptions>::Convert<node::options_parser::OptionsParser<node::EnvironmentOptions>::BaseOptionField, node::EnvironmentOptions>(std::__1::shared_ptr<node::options_parser::OptionsParser<node::EnvironmentOptions>::BaseOptionField>, node::EnvironmentOptions* (node::PerIsolateOptions::*)())::AdaptedField::LookupImpl(node::PerIsolateOptions*) const
      3   12.0%        Function: ^readPackage node:internal/modules/cjs/loader:290:21
      3  100.0%          Function: ^readPackageScope node:internal/modules/cjs/loader:321:26
      2   66.7%            Function: ^trySelf node:internal/modules/cjs/loader:441:17
      1   33.3%            Function: ^Module._extensions..js node:internal/modules/cjs/loader:1110:37
      2    8.0%        Function: ~<anonymous> node:internal/deps/cjs-module-lexer/dist/lexer:1:1
      2  100.0%          Function: ^compileForInternalLoader node:internal/bootstrap/loaders:299:27
      2  100.0%            Function: ^nativeModuleRequire node:internal/bootstrap/loaders:332:29
      2    8.0%        Function: ^stat node:internal/modules/cjs/loader:151:14
      2  100.0%          Function: ^Module._findPath node:internal/modules/cjs/loader:494:28
      2  100.0%            Function: ^Module._resolveFilename node:internal/modules/cjs/loader:848:35
      1    4.0%        LazyCompile: ~setup /Users/usuario/Desktop/node-projects/Clases/clase32/node_modules/streamroller/node_modules/debug/src/common.js:7:15
      1  100.0%          Function: ~<anonymous> /Users/usuario/Desktop/node-projects/Clases/clase32/node_modules/streamroller/node_modules/debug/src/node.js:1:1
      1  100.0%            Function: ^Module._compile node:internal/modules/cjs/loader:1055:37
      1    4.0%        LazyCompile: ~realpathSync node:fs:2408:22
      1  100.0%          LazyCompile: ~defaultResolve node:internal/modules/esm/resolve:981:24
      1  100.0%            LazyCompile: ~resolve node:internal/modules/esm/loader:402:16
      1    4.0%        LazyCompile: ~readPackage node:internal/modules/cjs/loader:290:21
      1  100.0%          LazyCompile: ~readPackageScope node:internal/modules/cjs/loader:321:26
      1  100.0%            LazyCompile: ~trySelf node:internal/modules/cjs/loader:441:17
      1    4.0%        LazyCompile: ~prepareStackTrace node:internal/errors:90:27
      1  100.0%          t auto node::options_parser::OptionsParser<node::PerIsolateOptions>::Convert<node::options_parser::OptionsParser<node::EnvironmentOptions>::BaseOptionField, node::EnvironmentOptions>(std::__1::shared_ptr<node::options_parser::OptionsParser<node::EnvironmentOptions>::BaseOptionField>, node::EnvironmentOptions* (node::PerIsolateOptions::*)())::AdaptedField::LookupImpl(node::PerIsolateOptions*) const
      1  100.0%            LazyCompile: ~formatError node:internal/util/inspect:1165:21
      1    4.0%        LazyCompile: ~populateConstructorExports /Users/usuario/Desktop/node-projects/Clases/clase32/node_modules/http-errors/index.js:264:37
      1  100.0%          Function: ~<anonymous> /Users/usuario/Desktop/node-projects/Clases/clase32/node_modules/http-errors/index.js:1:1
      1  100.0%            Function: ^Module._compile node:internal/modules/cjs/loader:1055:37
      1    4.0%        LazyCompile: ~pathtoRegexp /Users/usuario/Desktop/node-projects/Clases/clase32/node_modules/path-to-regexp/index.js:28:22
      1  100.0%          LazyCompile: ~Layer /Users/usuario/Desktop/node-projects/Clases/clase32/node_modules/express/lib/router/layer.js:33:15
      1  100.0%            LazyCompile: ~use /Users/usuario/Desktop/node-projects/Clases/clase32/node_modules/express/lib/router/index.js:434:25
      1    4.0%        LazyCompile: ~pathToFileURL node:internal/url:1455:23
      1  100.0%          LazyCompile: ~<anonymous> node:internal/modules/run_main:47:29
      1  100.0%            LazyCompile: ~loadESM node:internal/process/esm_loader:85:41
      1    4.0%        LazyCompile: ~parseHost node:url:958:45
      1  100.0%          LazyCompile: ~parse node:url:168:37
      1  100.0%            LazyCompile: ~urlParse node:url:152:18
      1    4.0%        LazyCompile: ~module.exports /Users/usuario/Desktop/node-projects/Clases/clase32/node_modules/has-unicode/index.js:4:44
      1  100.0%          LazyCompile: ~Gauge._computeTheme /Users/usuario/Desktop/node-projects/Clases/clase32/node_modules/gauge/index.js:85:42
      1  100.0%            LazyCompile: ~Gauge /Users/usuario/Desktop/node-projects/Clases/clase32/node_modules/gauge/index.js:19:16
      1    4.0%        LazyCompile: ~finalizeResolution node:internal/modules/esm/resolve:389:28
      1  100.0%          LazyCompile: ~moduleResolve node:internal/modules/esm/resolve:917:23
      1  100.0%            LazyCompile: ~defaultResolve node:internal/modules/esm/resolve:981:24
      1    4.0%        LazyCompile: ~defaultResolve node:internal/modules/esm/resolve:981:24
      1  100.0%          LazyCompile: ~resolve node:internal/modules/esm/loader:402:16
      1  100.0%            LazyCompile: ~getModuleJob node:internal/modules/esm/loader:221:21
      1    4.0%        LazyCompile: ~createToken /Users/usuario/Desktop/node-projects/Clases/clase32/node_modules/semver/internal/re.js:11:21
      1  100.0%          Function: ~<anonymous> /Users/usuario/Desktop/node-projects/Clases/clase32/node_modules/semver/internal/re.js:1:1
      1  100.0%            Function: ^Module._compile node:internal/modules/cjs/loader:1055:37
      1    4.0%        LazyCompile: ~Run /Users/usuario/Desktop/node-projects/Clases/clase32/node_modules/@mapbox/node-pre-gyp/lib/node-pre-gyp.js:78:13
      1  100.0%          LazyCompile: ~exports.find /Users/usuario/Desktop/node-projects/Clases/clase32/node_modules/@mapbox/node-pre-gyp/lib/pre-binding.js:17:24
      1  100.0%            Function: ~<anonymous> /Users/usuario/Desktop/node-projects/Clases/clase32/node_modules/bcrypt/bcrypt.js:1:1
      1    4.0%        LazyCompile: ~<anonymous> /Users/usuario/Desktop/node-projects/Clases/clase32/node_modules/@mapbox/node-pre-gyp/lib/util/versioning.js:23:36
      1  100.0%          t auto node::options_parser::OptionsParser<node::PerIsolateOptions>::Convert<node::options_parser::OptionsParser<node::EnvironmentOptions>::BaseOptionField, node::EnvironmentOptions>(std::__1::shared_ptr<node::options_parser::OptionsParser<node::EnvironmentOptions>::BaseOptionField>, node::EnvironmentOptions* (node::PerIsolateOptions::*)())::AdaptedField::LookupImpl(node::PerIsolateOptions*) const
      1  100.0%            Function: ~<anonymous> /Users/usuario/Desktop/node-projects/Clases/clase32/node_modules/@mapbox/node-pre-gyp/lib/util/versioning.js:1:1
      1    4.0%        Function: ~<anonymous> node:internal/crypto/keys:1:1
      1  100.0%          Function: ^compileForInternalLoader node:internal/bootstrap/loaders:299:27
      1  100.0%            Function: ^nativeModuleRequire node:internal/bootstrap/loaders:332:29
      1    4.0%        Function: ^compileFunction node:vm:308:25
      1  100.0%          Function: ^wrapSafe node:internal/modules/cjs/loader:1017:18
      1  100.0%            Function: ^Module._compile node:internal/modules/cjs/loader:1055:37
      1    4.0%        Function: ^Module._findPath node:internal/modules/cjs/loader:494:28
      1  100.0%          Function: ^Module._resolveFilename node:internal/modules/cjs/loader:848:35
      1  100.0%            Function: ^Module._load node:internal/modules/cjs/loader:757:24
      1    4.0%        Function: ^FastBuffer node:internal/buffer:958:14
      1  100.0%          Function: ^createUnsafeBuffer node:internal/buffer:1059:28
      1  100.0%            Function: ^createPool node:buffer:150:20
      6    3.9%      LazyCompile: ~WriteStream node:tty:85:21
      6  100.0%        LazyCompile: ~createWritableStdioStream node:internal/bootstrap/switches/is_main_thread:41:35
      4   66.7%          LazyCompile: ~getStderr node:internal/bootstrap/switches/is_main_thread:133:19
      4  100.0%            Function: ~<anonymous> /Users/usuario/Desktop/node-projects/Clases/clase32/node_modules/debug/src/node.js:1:1
      2   33.3%          LazyCompile: ~getStdout node:internal/bootstrap/switches/is_main_thread:121:19
      2  100.0%            LazyCompile: ~colorSupport /Users/usuario/Desktop/node-projects/Clases/clase32/node_modules/color-support/index.js:39:23
      6    3.9%      LazyCompile: ~Module._extensions..json node:internal/modules/cjs/loader:1158:39
      6  100.0%        Function: ^Module.load node:internal/modules/cjs/loader:969:33
      6  100.0%          Function: ^Module._load node:internal/modules/cjs/loader:757:24
      6  100.0%            Function: ^Module.require node:internal/modules/cjs/loader:997:36
      5    3.2%      LazyCompile: ~formatRaw node:internal/util/inspect:796:19
      5  100.0%        LazyCompile: ~formatValue node:internal/util/inspect:726:21
      5  100.0%          LazyCompile: ~inspect node:internal/util/inspect:286:17
      3   60.0%            LazyCompile: ~createAppender /Users/usuario/Desktop/node-projects/Clases/clase32/node_modules/log4js/lib/appenders/index.js:61:24
      2   40.0%            LazyCompile: ~formatWithOptionsInternal node:internal/util/inspect:1891:35
      4    2.6%      Function: ^realpathSync node:fs:2408:22
      4  100.0%        Function: ^toRealPath node:internal/modules/cjs/loader:393:20
      4  100.0%          Function: ^tryFile node:internal/modules/cjs/loader:384:17
      3   75.0%            Function: ^tryExtensions node:internal/modules/cjs/loader:400:23
      1   25.0%            LazyCompile: ~finalizeEsmResolution node:internal/modules/cjs/loader:939:31
      4    2.6%      Function: ^readPackage node:internal/modules/cjs/loader:290:21
      2   50.0%        Function: ^resolveExports node:internal/modules/cjs/loader:472:24
      2  100.0%          Function: ^Module._findPath node:internal/modules/cjs/loader:494:28
      2  100.0%            Function: ^Module._resolveFilename node:internal/modules/cjs/loader:848:35
      2   50.0%        Function: ^readPackageScope node:internal/modules/cjs/loader:321:26
      1   50.0%          Function: ^trySelf node:internal/modules/cjs/loader:441:17
      1  100.0%            Function: ^Module._resolveFilename node:internal/modules/cjs/loader:848:35
      1   50.0%          Function: ^Module._extensions..js node:internal/modules/cjs/loader:1110:37
      1  100.0%            Function: ^Module.load node:internal/modules/cjs/loader:969:33
      4    2.6%      Function: ^Module._load node:internal/modules/cjs/loader:757:24
      4  100.0%        Function: ^Module.require node:internal/modules/cjs/loader:997:36
      4  100.0%          Function: ^require node:internal/modules/cjs/helpers:101:31
      1   25.0%            Function: ~<anonymous> /Users/usuario/Desktop/node-projects/Clases/clase32/node_modules/semver/functions/major.js:1:1
      1   25.0%            Function: ~<anonymous> /Users/usuario/Desktop/node-projects/Clases/clase32/node_modules/semver/classes/comparator.js:1:1
      1   25.0%            Function: ~<anonymous> /Users/usuario/Desktop/node-projects/Clases/clase32/node_modules/log4js/lib/appenders/index.js:1:1
      1   25.0%            Function: ~<anonymous> /Users/usuario/Desktop/node-projects/Clases/clase32/node_modules/iconv-lite/lib/index.js:1:1
      3    1.9%      LazyCompile: ~RollingFileWriteStream /Users/usuario/Desktop/node-projects/Clases/clase32/node_modules/streamroller/lib/RollingFileWriteStream.js:31:14
      3  100.0%        LazyCompile: ~RollingFileStream /Users/usuario/Desktop/node-projects/Clases/clase32/node_modules/streamroller/lib/RollingFileStream.js:5:14
      3  100.0%          LazyCompile: ~openTheStream /Users/usuario/Desktop/node-projects/Clases/clase32/node_modules/log4js/lib/appenders/file.js:16:23
      3  100.0%            LazyCompile: ~fileAppender /Users/usuario/Desktop/node-projects/Clases/clase32/node_modules/log4js/lib/appenders/file.js:46:22
      2    1.3%      LazyCompile: ~wrapSafe node:internal/modules/cjs/loader:1017:18
      2  100.0%        LazyCompile: ~Module._compile node:internal/modules/cjs/loader:1055:37
      2  100.0%          LazyCompile: ~Module._extensions..js node:internal/modules/cjs/loader:1110:37
      1   50.0%            LazyCompile: ~Module.load node:internal/modules/cjs/loader:969:33
      1   50.0%            Function: ^Module.load node:internal/modules/cjs/loader:969:33
      2    1.3%      LazyCompile: ~readSync node:fs:684:18
      2  100.0%        LazyCompile: ~tryReadSync node:fs:429:21
      2  100.0%          LazyCompile: ~readFileSync node:fs:450:22
      1   50.0%            LazyCompile: ~cjsPreparseModuleExports node:internal/modules/esm/translators:212:34
      1   50.0%            LazyCompile: ~Module._extensions..js node:internal/modules/cjs/loader:1110:37
      2    1.3%      LazyCompile: ~parse node:internal/deps/cjs-module-lexer/dist/lexer:1:131
      2  100.0%        LazyCompile: ~cjsPreparseModuleExports node:internal/modules/esm/translators:212:34
      2  100.0%          LazyCompile: ~commonjsStrategy node:internal/modules/esm/translators:168:60
      2  100.0%            t auto node::options_parser::OptionsParser<node::PerIsolateOptions>::Convert<node::options_parser::OptionsParser<node::EnvironmentOptions>::BaseOptionField, node::EnvironmentOptions>(std::__1::shared_ptr<node::options_parser::OptionsParser<node::EnvironmentOptions>::BaseOptionField>, node::EnvironmentOptions* (node::PerIsolateOptions::*)())::AdaptedField::LookupImpl(node::PerIsolateOptions*) const
      2    1.3%      LazyCompile: ~nextTick node:internal/process/task_queues:104:18
      1   50.0%        LazyCompile: ~onConstruct node:internal/streams/destroy:253:23
      1  100.0%          LazyCompile: ~stream.emit node:internal/fs/streams:52:27
      1  100.0%            LazyCompile: ~<anonymous> /Users/usuario/Desktop/node-projects/Clases/clase32/node_modules/graceful-fs/graceful-fs.js:310:53
      1   50.0%        LazyCompile: ~defaultTriggerAsyncIdScope node:internal/async_hooks:445:36
      1  100.0%          LazyCompile: ~setupListenHandle node:net:1287:27
      1  100.0%            LazyCompile: ~listenInCluster node:net:1372:25
      2    1.3%      LazyCompile: ~getStack /Users/usuario/Desktop/node-projects/Clases/clase32/node_modules/depd/index.js:365:19
      2  100.0%        LazyCompile: ~depd /Users/usuario/Desktop/node-projects/Clases/clase32/node_modules/depd/index.js:105:15
      1   50.0%          Function: ~<anonymous> /Users/usuario/Desktop/node-projects/Clases/clase32/node_modules/http-errors/index.js:1:1
      1  100.0%            Function: ^Module._compile node:internal/modules/cjs/loader:1055:37
      1   50.0%          Function: ~<anonymous> /Users/usuario/Desktop/node-projects/Clases/clase32/node_modules/express/lib/utils.js:1:1
      1  100.0%            Function: ^Module._compile node:internal/modules/cjs/loader:1055:37
      2    1.3%      LazyCompile: ~formatValue node:internal/util/inspect:726:21
      2  100.0%        LazyCompile: ~inspect node:internal/util/inspect:286:17
      2  100.0%          LazyCompile: ~createAppender /Users/usuario/Desktop/node-projects/Clases/clase32/node_modules/log4js/lib/appenders/index.js:61:24
      2  100.0%            LazyCompile: ~getAppender /Users/usuario/Desktop/node-projects/Clases/clase32/node_modules/log4js/lib/appenders/index.js:47:21
      2    1.3%      LazyCompile: ~<anonymous> node:internal/deps/cjs-module-lexer/dist/lexer:1:1252
      2  100.0%        LazyCompile: ~init node:internal/deps/cjs-module-lexer/dist/lexer:1:1235
      2  100.0%          LazyCompile: ~initCJSParse node:internal/modules/esm/translators:63:28
      2  100.0%            LazyCompile: ~commonjsStrategy node:internal/modules/esm/translators:168:60
      2    1.3%      Function: ^stat node:internal/modules/cjs/loader:151:14
      2  100.0%        Function: ^Module._findPath node:internal/modules/cjs/loader:494:28
      2  100.0%          Function: ^Module._resolveFilename node:internal/modules/cjs/loader:848:35
      2  100.0%            Function: ^Module._load node:internal/modules/cjs/loader:757:24
      2    1.3%      Function: ^getOptions node:internal/fs/utils:314:20
      2  100.0%        Function: ^readFileSync node:fs:450:22
      2  100.0%          Function: ^Module._extensions..js node:internal/modules/cjs/loader:1110:37
      2  100.0%            Function: ^Module.load node:internal/modules/cjs/loader:969:33
      2    1.3%      Function: ^Module.load node:internal/modules/cjs/loader:969:33
      2  100.0%        Function: ^Module._load node:internal/modules/cjs/loader:757:24
      2  100.0%          Function: ^Module.require node:internal/modules/cjs/loader:997:36
      2  100.0%            Function: ^require node:internal/modules/cjs/helpers:101:31
      2    1.3%      Function: ^Module._findPath node:internal/modules/cjs/loader:494:28
      2  100.0%        Function: ^Module._resolveFilename node:internal/modules/cjs/loader:848:35
      2  100.0%          Function: ^Module._load node:internal/modules/cjs/loader:757:24
      2  100.0%            Function: ^Module.require node:internal/modules/cjs/loader:997:36
      4    1.6%    Function: ^realpathSync node:fs:2408:22
      4  100.0%      Function: ^toRealPath node:internal/modules/cjs/loader:393:20
      4  100.0%        Function: ^tryFile node:internal/modules/cjs/loader:384:17
      4  100.0%          Function: ^tryExtensions node:internal/modules/cjs/loader:400:23
      3   75.0%            Function: ^Module._findPath node:internal/modules/cjs/loader:494:28
      1   25.0%            Function: ^tryPackage node:internal/modules/cjs/loader:338:20
      4    1.6%    Function: ^Module._findPath node:internal/modules/cjs/loader:494:28
      2   50.0%      LazyCompile: ~Module._resolveFilename node:internal/modules/cjs/loader:848:35
      2  100.0%        LazyCompile: ~Module._load node:internal/modules/cjs/loader:757:24
      1   50.0%          LazyCompile: ~Module.require node:internal/modules/cjs/loader:997:36
      1  100.0%            Function: ^require node:internal/modules/cjs/helpers:101:31
      1   50.0%          Function: ^Module.require node:internal/modules/cjs/loader:997:36
      1  100.0%            Function: ^require node:internal/modules/cjs/helpers:101:31
      2   50.0%      Function: ^Module._resolveFilename node:internal/modules/cjs/loader:848:35
      2  100.0%        Function: ^Module._load node:internal/modules/cjs/loader:757:24
      2  100.0%          Function: ^Module.require node:internal/modules/cjs/loader:997:36
      2  100.0%            Function: ^require node:internal/modules/cjs/helpers:101:31
      3    1.2%    Function: ^resolve node:path:1091:10
      1   33.3%      Function: ^resolveExports node:internal/modules/cjs/loader:472:24
      1  100.0%        Function: ^Module._findPath node:internal/modules/cjs/loader:494:28
      1  100.0%          Function: ^Module._resolveFilename node:internal/modules/cjs/loader:848:35
      1  100.0%            Function: ^Module._load node:internal/modules/cjs/loader:757:24
      1   33.3%      Function: ^readPackage node:internal/modules/cjs/loader:290:21
      1  100.0%        Function: ^readPackageScope node:internal/modules/cjs/loader:321:26
      1  100.0%          Function: ^Module._extensions..js node:internal/modules/cjs/loader:1110:37
      1  100.0%            Function: ^Module.load node:internal/modules/cjs/loader:969:33
      1   33.3%      Function: ^Module._findPath node:internal/modules/cjs/loader:494:28
      1  100.0%        Function: ^Module._resolveFilename node:internal/modules/cjs/loader:848:35
      1  100.0%          Function: ^Module._load node:internal/modules/cjs/loader:757:24
      1  100.0%            Function: ^Module.require node:internal/modules/cjs/loader:997:36
      3    1.2%    Function: ^readFileSync node:fs:450:22
      3  100.0%      Function: ^Module._extensions..js node:internal/modules/cjs/loader:1110:37
      3  100.0%        Function: ^Module.load node:internal/modules/cjs/loader:969:33
      3  100.0%          Function: ^Module._load node:internal/modules/cjs/loader:757:24
      3  100.0%            Function: ^Module.require node:internal/modules/cjs/loader:997:36
      3    1.2%    Function: ^compileFunction node:vm:308:25
      3  100.0%      Function: ^wrapSafe node:internal/modules/cjs/loader:1017:18
      3  100.0%        Function: ^Module._compile node:internal/modules/cjs/loader:1055:37
      2   66.7%          Function: ^Module._extensions..js node:internal/modules/cjs/loader:1110:37
      2  100.0%            Function: ^Module.load node:internal/modules/cjs/loader:969:33
      1   33.3%          LazyCompile: ~Module._extensions..js node:internal/modules/cjs/loader:1110:37
      1  100.0%            Function: ^Module.load node:internal/modules/cjs/loader:969:33

    233   16.9%  T node::contextify::ContextifyContext::CompileFunction(v8::FunctionCallbackInfo<v8::Value> const&)
    233  100.0%    t auto node::options_parser::OptionsParser<node::PerIsolateOptions>::Convert<node::options_parser::OptionsParser<node::EnvironmentOptions>::BaseOptionField, node::EnvironmentOptions>(std::__1::shared_ptr<node::options_parser::OptionsParser<node::EnvironmentOptions>::BaseOptionField>, node::EnvironmentOptions* (node::PerIsolateOptions::*)())::AdaptedField::LookupImpl(node::PerIsolateOptions*) const
    224   96.1%      Function: ^compileFunction node:vm:308:25
    214   95.5%        Function: ^wrapSafe node:internal/modules/cjs/loader:1017:18
    213   99.5%          Function: ^Module._compile node:internal/modules/cjs/loader:1055:37
    181   85.0%            Function: ^Module._extensions..js node:internal/modules/cjs/loader:1110:37
     32   15.0%            LazyCompile: ~Module._extensions..js node:internal/modules/cjs/loader:1110:37
     10    4.5%        LazyCompile: ~wrapSafe node:internal/modules/cjs/loader:1017:18
     10  100.0%          LazyCompile: ~Module._compile node:internal/modules/cjs/loader:1055:37
     10  100.0%            LazyCompile: ~Module._extensions..js node:internal/modules/cjs/loader:1110:37
      9    3.9%      LazyCompile: ~compileFunction node:vm:308:25
      9  100.0%        LazyCompile: ~wrapSafe node:internal/modules/cjs/loader:1017:18
      9  100.0%          LazyCompile: ~Module._compile node:internal/modules/cjs/loader:1055:37
      9  100.0%            LazyCompile: ~Module._extensions..js node:internal/modules/cjs/loader:1110:37

    232   16.8%  t node::fs::Read(v8::FunctionCallbackInfo<v8::Value> const&)
    232  100.0%    t auto node::options_parser::OptionsParser<node::PerIsolateOptions>::Convert<node::options_parser::OptionsParser<node::EnvironmentOptions>::BaseOptionField, node::EnvironmentOptions>(std::__1::shared_ptr<node::options_parser::OptionsParser<node::EnvironmentOptions>::BaseOptionField>, node::EnvironmentOptions* (node::PerIsolateOptions::*)())::AdaptedField::LookupImpl(node::PerIsolateOptions*) const
    220   94.8%      Function: ^readSync node:fs:684:18
    219   99.5%        Function: ^tryReadSync node:fs:429:21
    218   99.5%          Function: ^readFileSync node:fs:450:22
    180   82.6%            Function: ^Module._extensions..js node:internal/modules/cjs/loader:1110:37
     35   16.1%            LazyCompile: ~Module._extensions..js node:internal/modules/cjs/loader:1110:37
      3    1.4%            LazyCompile: ~Module._extensions..json node:internal/modules/cjs/loader:1158:39
     12    5.2%      LazyCompile: ~readSync node:fs:684:18
     12  100.0%        LazyCompile: ~tryReadSync node:fs:429:21
     12  100.0%          LazyCompile: ~readFileSync node:fs:450:22
      7   58.3%            LazyCompile: ~Module._extensions..js node:internal/modules/cjs/loader:1110:37
      5   41.7%            LazyCompile: ~cjsPreparseModuleExports node:internal/modules/esm/translators:212:34

    188   13.6%  T node::native_module::NativeModuleEnv::CompileFunction(v8::FunctionCallbackInfo<v8::Value> const&)
    188  100.0%    t auto node::options_parser::OptionsParser<node::PerIsolateOptions>::Convert<node::options_parser::OptionsParser<node::EnvironmentOptions>::BaseOptionField, node::EnvironmentOptions>(std::__1::shared_ptr<node::options_parser::OptionsParser<node::EnvironmentOptions>::BaseOptionField>, node::EnvironmentOptions* (node::PerIsolateOptions::*)())::AdaptedField::LookupImpl(node::PerIsolateOptions*) const
    131   69.7%      Function: ^compileForInternalLoader node:internal/bootstrap/loaders:299:27
    110   84.0%        Function: ^nativeModuleRequire node:internal/bootstrap/loaders:332:29
     22   20.0%          Function: ~<anonymous> node:crypto:1:1
     22  100.0%            Function: ^compileForInternalLoader node:internal/bootstrap/loaders:299:27
     14   12.7%          Function: ~<anonymous> node:internal/child_process:1:1
     14  100.0%            Function: ^compileForInternalLoader node:internal/bootstrap/loaders:299:27
     13   11.8%          Function: ~<anonymous> node:http:1:1
     13  100.0%            Function: ^compileForInternalLoader node:internal/bootstrap/loaders:299:27
     10    9.1%          Function: ~<anonymous> node:_http_client:1:1
     10  100.0%            Function: ^compileForInternalLoader node:internal/bootstrap/loaders:299:27
      6    5.5%          Function: ~<anonymous> node:internal/cluster/primary:1:1
      6  100.0%            Function: ^compileForInternalLoader node:internal/bootstrap/loaders:299:27
      5    4.5%          LazyCompile: ~lazyRequire node:internal/crypto/util:67:21
      5  100.0%            LazyCompile: ~get node:crypto:287:8
      5    4.5%          LazyCompile: ~initCJSParse node:internal/modules/esm/translators:63:28
      5  100.0%            LazyCompile: ~commonjsStrategy node:internal/modules/esm/translators:168:60
      5    4.5%          Function: ~<anonymous> node:internal/crypto/hkdf:1:1
      5  100.0%            Function: ^compileForInternalLoader node:internal/bootstrap/loaders:299:27
      5    4.5%          Function: ~<anonymous> node:child_process:1:1
      5  100.0%            Function: ^compileForInternalLoader node:internal/bootstrap/loaders:299:27
      3    2.7%          LazyCompile: ~lazyLoadStreams node:fs:2841:25
      3  100.0%            LazyCompile: ~get ReadStream node:fs:2984:17
      3    2.7%          Function: ~<anonymous> node:cluster:1:1
      3  100.0%            Function: ^compileForInternalLoader node:internal/bootstrap/loaders:299:27
      3    2.7%          Function: ~<anonymous> node:assert:1:1
      3  100.0%            Function: ^compileForInternalLoader node:internal/bootstrap/loaders:299:27
      3    2.7%          Function: ~<anonymous> node:_http_common:1:1
      3  100.0%            Function: ^compileForInternalLoader node:internal/bootstrap/loaders:299:27
      2    1.8%          LazyCompile: ~get BlockList node:net:1779:16
      2  100.0%            t auto node::options_parser::OptionsParser<node::PerIsolateOptions>::Convert<node::options_parser::OptionsParser<node::EnvironmentOptions>::BaseOptionField, node::EnvironmentOptions>(std::__1::shared_ptr<node::options_parser::OptionsParser<node::EnvironmentOptions>::BaseOptionField>, node::EnvironmentOptions* (node::PerIsolateOptions::*)())::AdaptedField::LookupImpl(node::PerIsolateOptions*) const
      2    1.8%          Function: ~<anonymous> node:tty:1:1
      2  100.0%            Function: ^compileForInternalLoader node:internal/bootstrap/loaders:299:27
      2    1.8%          Function: ~<anonymous> node:internal/crypto/pbkdf2:1:1
      2  100.0%            Function: ^compileForInternalLoader node:internal/bootstrap/loaders:299:27
     15   11.5%        Function: ^compileForPublicLoader node:internal/bootstrap/loaders:246:25
     15  100.0%          Function: ^loadNativeModule node:internal/modules/cjs/helpers:44:26
     15  100.0%            Function: ^Module._load node:internal/modules/cjs/loader:757:24
      6    4.6%        LazyCompile: ~compileForPublicLoader node:internal/bootstrap/loaders:246:25
      3   50.0%          LazyCompile: ~loadNativeModule node:internal/modules/cjs/helpers:44:26
      3  100.0%            LazyCompile: ~builtinStrategy node:internal/modules/esm/translators:270:58
      3   50.0%          Function: ^loadNativeModule node:internal/modules/cjs/helpers:44:26
      2   66.7%            Function: ^Module._load node:internal/modules/cjs/loader:757:24
      1   33.3%            LazyCompile: ~Module._load node:internal/modules/cjs/loader:757:24
     57   30.3%      LazyCompile: ~compileForInternalLoader node:internal/bootstrap/loaders:299:27
     57  100.0%        LazyCompile: ~nativeModuleRequire node:internal/bootstrap/loaders:332:29
      8   14.0%          Function: ~<anonymous> node:internal/modules/esm/get_source:1:1
      8  100.0%            LazyCompile: ~compileForInternalLoader node:internal/bootstrap/loaders:299:27
      7   12.3%          LazyCompile: ~initializeCJSLoader node:internal/bootstrap/pre_execution:421:29
      7  100.0%            LazyCompile: ~prepareMainThreadExecution node:internal/bootstrap/pre_execution:22:36
      7   12.3%          Function: ~<anonymous> node:internal/process/esm_loader:1:1
      7  100.0%            LazyCompile: ~compileForInternalLoader node:internal/bootstrap/loaders:299:27
      5    8.8%          Function: ~<anonymous> node:internal/modules/esm/loader:1:1
      5  100.0%            LazyCompile: ~compileForInternalLoader node:internal/bootstrap/loaders:299:27
      5    8.8%          Function: ~<anonymous> node:internal/modules/esm/load:1:1
      5  100.0%            LazyCompile: ~compileForInternalLoader node:internal/bootstrap/loaders:299:27
      4    7.0%          Function: ~<anonymous> node:internal/source_map/source_map_cache:1:1
      4  100.0%            LazyCompile: ~compileForInternalLoader node:internal/bootstrap/loaders:299:27
      4    7.0%          Function: ~<anonymous> node:internal/main/run_main_module:1:1
      3    5.3%          LazyCompile: ~setupInspectorHooks node:internal/bootstrap/pre_execution:232:29
      3  100.0%            LazyCompile: ~prepareMainThreadExecution node:internal/bootstrap/pre_execution:22:36
      3    5.3%          LazyCompile: ~initializeSourceMapsHandlers node:internal/bootstrap/pre_execution:460:38
      3  100.0%            LazyCompile: ~prepareMainThreadExecution node:internal/bootstrap/pre_execution:22:36
      3    5.3%          Function: ~<anonymous> node:internal/modules/esm/module_map:1:1
      3  100.0%            LazyCompile: ~compileForInternalLoader node:internal/bootstrap/loaders:299:27
      2    3.5%          LazyCompile: ~initializeReport node:internal/bootstrap/pre_execution:182:26
      2  100.0%            LazyCompile: ~prepareMainThreadExecution node:internal/bootstrap/pre_execution:22:36
      2    3.5%          Function: ~<anonymous> node:internal/fs/promises:1:1
      2  100.0%            LazyCompile: ~compileForInternalLoader node:internal/bootstrap/loaders:299:27
      2    3.5%          Function: ~<anonymous> node:internal/bootstrap/pre_execution:1:1
      2  100.0%            LazyCompile: ~compileForInternalLoader node:internal/bootstrap/loaders:299:27
      1    1.8%          Function: ~<anonymous> node:internal/modules/esm/resolve:1:1
      1  100.0%            LazyCompile: ~compileForInternalLoader node:internal/bootstrap/loaders:299:27
      1    1.8%          Function: ~<anonymous> node:internal/modules/cjs/loader:1:1
      1  100.0%            LazyCompile: ~compileForInternalLoader node:internal/bootstrap/loaders:299:27

     91    6.6%  t node::fs::InternalModuleReadJSON(v8::FunctionCallbackInfo<v8::Value> const&)
     91  100.0%    t auto node::options_parser::OptionsParser<node::PerIsolateOptions>::Convert<node::options_parser::OptionsParser<node::EnvironmentOptions>::BaseOptionField, node::EnvironmentOptions>(std::__1::shared_ptr<node::options_parser::OptionsParser<node::EnvironmentOptions>::BaseOptionField>, node::EnvironmentOptions* (node::PerIsolateOptions::*)())::AdaptedField::LookupImpl(node::PerIsolateOptions*) const
     80   87.9%      Function: ^read node:internal/modules/package_json_reader:16:14
     80  100.0%        Function: ^readPackage node:internal/modules/cjs/loader:290:21
     71   88.8%          Function: ^resolveExports node:internal/modules/cjs/loader:472:24
     71  100.0%            Function: ^Module._findPath node:internal/modules/cjs/loader:494:28
      9   11.3%          LazyCompile: ~resolveExports node:internal/modules/cjs/loader:472:24
      9  100.0%            Function: ^Module._findPath node:internal/modules/cjs/loader:494:28
     11   12.1%      LazyCompile: ~read node:internal/modules/package_json_reader:16:14
      5   45.5%        LazyCompile: ~readPackage node:internal/modules/cjs/loader:290:21
      4   80.0%          LazyCompile: ~resolveExports node:internal/modules/cjs/loader:472:24
      4  100.0%            LazyCompile: ~Module._findPath node:internal/modules/cjs/loader:494:28
      1   20.0%          LazyCompile: ~readPackageScope node:internal/modules/cjs/loader:321:26
      1  100.0%            LazyCompile: ~shouldUseESMLoader node:internal/modules/run_main:26:28
      4   36.4%        LazyCompile: ~getPackageConfig node:internal/modules/esm/resolve:191:26
      4  100.0%          LazyCompile: ~packageResolve node:internal/modules/esm/resolve:838:24
      4  100.0%            LazyCompile: ~moduleResolve node:internal/modules/esm/resolve:917:23
      2   18.2%        Function: ^readPackage node:internal/modules/cjs/loader:290:21
      2  100.0%          LazyCompile: ~resolveExports node:internal/modules/cjs/loader:472:24
      2  100.0%            LazyCompile: ~Module._findPath node:internal/modules/cjs/loader:494:28

     77    5.6%  T ___guarded_open_np
     62   80.5%    t auto node::options_parser::OptionsParser<node::PerIsolateOptions>::Convert<node::options_parser::OptionsParser<node::EnvironmentOptions>::BaseOptionField, node::EnvironmentOptions>(std::__1::shared_ptr<node::options_parser::OptionsParser<node::EnvironmentOptions>::BaseOptionField>, node::EnvironmentOptions* (node::PerIsolateOptions::*)())::AdaptedField::LookupImpl(node::PerIsolateOptions*) const
      4    6.5%      LazyCompile: ~patchProcessObject node:internal/bootstrap/pre_execution:81:28
      4  100.0%        LazyCompile: ~prepareMainThreadExecution node:internal/bootstrap/pre_execution:22:36
      4  100.0%          Function: ~<anonymous> node:internal/main/run_main_module:1:1
      3    4.8%      LazyCompile: ~toRealPath node:internal/modules/cjs/loader:393:20
      3  100.0%        LazyCompile: ~Module._findPath node:internal/modules/cjs/loader:494:28
      3  100.0%          LazyCompile: ~resolveMainPath node:internal/modules/run_main:11:25
      3  100.0%            LazyCompile: ~executeUserEntryPoint node:internal/modules/run_main:74:31
      3    4.8%      LazyCompile: ~setupWarningHandler node:internal/bootstrap/pre_execution:141:29
      3  100.0%        LazyCompile: ~prepareMainThreadExecution node:internal/bootstrap/pre_execution:22:36
      3  100.0%          Function: ~<anonymous> node:internal/main/run_main_module:1:1
      3    4.8%      LazyCompile: ~createAppender /Users/usuario/Desktop/node-projects/Clases/clase32/node_modules/log4js/lib/appenders/index.js:61:24
      3  100.0%        LazyCompile: ~getAppender /Users/usuario/Desktop/node-projects/Clases/clase32/node_modules/log4js/lib/appenders/index.js:47:21
      3  100.0%          LazyCompile: ~<anonymous> /Users/usuario/Desktop/node-projects/Clases/clase32/node_modules/log4js/lib/appenders/index.js:105:41
      3  100.0%            t auto node::options_parser::OptionsParser<node::PerIsolateOptions>::Convert<node::options_parser::OptionsParser<node::EnvironmentOptions>::BaseOptionField, node::EnvironmentOptions>(std::__1::shared_ptr<node::options_parser::OptionsParser<node::EnvironmentOptions>::BaseOptionField>, node::EnvironmentOptions* (node::PerIsolateOptions::*)())::AdaptedField::LookupImpl(node::PerIsolateOptions*) const
      3    4.8%      Function: ~<anonymous> node:internal/fs/promises:1:1
      3  100.0%        LazyCompile: ~compileForInternalLoader node:internal/bootstrap/loaders:299:27
      3  100.0%          LazyCompile: ~nativeModuleRequire node:internal/bootstrap/loaders:332:29
      3  100.0%            Function: ~<anonymous> node:internal/modules/esm/get_source:1:1
      2    3.2%      t auto node::options_parser::OptionsParser<node::PerIsolateOptions>::Convert<node::options_parser::OptionsParser<node::EnvironmentOptions>::BaseOptionField, node::EnvironmentOptions>(std::__1::shared_ptr<node::options_parser::OptionsParser<node::EnvironmentOptions>::BaseOptionField>, node::EnvironmentOptions* (node::PerIsolateOptions::*)())::AdaptedField::LookupImpl(node::PerIsolateOptions*) const
      1   50.0%        LazyCompile: ~color /Users/usuario/Desktop/node-projects/Clases/clase32/node_modules/console-control-strings/index.js:115:32
      1  100.0%          Function: ~<anonymous> /Users/usuario/Desktop/node-projects/Clases/clase32/node_modules/gauge/themes.js:1:1
      1  100.0%            Function: ^Module._compile node:internal/modules/cjs/loader:1055:37
      1   50.0%        Function: ~<anonymous> /Users/usuario/Desktop/node-projects/Clases/clase32/node_modules/depd/index.js:1:1
      1  100.0%          LazyCompile: ~Module._compile node:internal/modules/cjs/loader:1055:37
      1  100.0%            LazyCompile: ~Module._extensions..js node:internal/modules/cjs/loader:1110:37
      2    3.2%      LazyCompile: ~prepareMainThreadExecution node:internal/bootstrap/pre_execution:22:36
      2  100.0%        Function: ~<anonymous> node:internal/main/run_main_module:1:1
      2    3.2%      LazyCompile: ~moduleStrategy node:internal/modules/esm/translators:134:56
      2  100.0%        LazyCompile: ~moduleProvider node:internal/modules/esm/loader:229:28
      2  100.0%          t auto node::options_parser::OptionsParser<node::PerIsolateOptions>::Convert<node::options_parser::OptionsParser<node::EnvironmentOptions>::BaseOptionField, node::EnvironmentOptions>(std::__1::shared_ptr<node::options_parser::OptionsParser<node::EnvironmentOptions>::BaseOptionField>, node::EnvironmentOptions* (node::PerIsolateOptions::*)())::AdaptedField::LookupImpl(node::PerIsolateOptions*) const
      2    3.2%      Function: ~<anonymous> node:internal/fs/rimraf:1:1
      2  100.0%        LazyCompile: ~compileForInternalLoader node:internal/bootstrap/loaders:299:27
      2  100.0%          LazyCompile: ~nativeModuleRequire node:internal/bootstrap/loaders:332:29
      2  100.0%            Function: ~<anonymous> node:internal/fs/promises:1:1
      1    1.6%      LazyCompile: ~writeOrBuffer node:internal/streams/writable:365:23
      1  100.0%        LazyCompile: ~_write node:internal/streams/writable:283:16
      1  100.0%          LazyCompile: ~Writable.write node:internal/streams/writable:333:36
      1  100.0%            LazyCompile: ~value node:internal/console/constructor:257:20
      1    1.6%      LazyCompile: ~wrapSafe node:internal/modules/cjs/loader:1017:18
      1  100.0%        LazyCompile: ~Module._compile node:internal/modules/cjs/loader:1055:37
      1  100.0%          LazyCompile: ~Module._extensions..js node:internal/modules/cjs/loader:1110:37
      1  100.0%            LazyCompile: ~Module.load node:internal/modules/cjs/loader:969:33
      1    1.6%      LazyCompile: ~stringToFlags node:internal/fs/utils:555:23
      1  100.0%        Function: ^openSync node:fs:576:18
      1  100.0%          Function: ^readFileSync node:fs:450:22
      1  100.0%            Function: ^Module._extensions..js node:internal/modules/cjs/loader:1110:37
      1    1.6%      LazyCompile: ~resolve node:path:1091:10
      1  100.0%        LazyCompile: ~patchProcessObject node:internal/bootstrap/pre_execution:81:28
      1  100.0%          LazyCompile: ~prepareMainThreadExecution node:internal/bootstrap/pre_execution:22:36
      1  100.0%            Function: ~<anonymous> node:internal/main/run_main_module:1:1
      1    1.6%      LazyCompile: ~realpathSync node:fs:2408:22
      1  100.0%        LazyCompile: ~toRealPath node:internal/modules/cjs/loader:393:20
      1  100.0%          LazyCompile: ~Module._findPath node:internal/modules/cjs/loader:494:28
      1  100.0%            LazyCompile: ~resolveMainPath node:internal/modules/run_main:11:25
      1    1.6%      LazyCompile: ~readPackageScope node:internal/modules/cjs/loader:321:26
      1  100.0%        LazyCompile: ~trySelf node:internal/modules/cjs/loader:441:17
      1  100.0%          LazyCompile: ~Module._resolveFilename node:internal/modules/cjs/loader:848:35
      1  100.0%            LazyCompile: ~Module._load node:internal/modules/cjs/loader:757:24
      1    1.6%      LazyCompile: ~parseFileMode node:internal/validators:58:23
      1  100.0%        LazyCompile: ~open node:internal/fs/promises:449:20
      1  100.0%          LazyCompile: ~readFile node:internal/fs/promises:786:24
      1  100.0%            LazyCompile: ~defaultGetSource node:internal/modules/esm/get_source:25:32
      1    1.6%      LazyCompile: ~parse node:internal/deps/cjs-module-lexer/dist/lexer:1:131
      1  100.0%        LazyCompile: ~cjsPreparseModuleExports node:internal/modules/esm/translators:212:34
      1  100.0%          LazyCompile: ~commonjsStrategy node:internal/modules/esm/translators:168:60
      1  100.0%            t auto node::options_parser::OptionsParser<node::PerIsolateOptions>::Convert<node::options_parser::OptionsParser<node::EnvironmentOptions>::BaseOptionField, node::EnvironmentOptions>(std::__1::shared_ptr<node::options_parser::OptionsParser<node::EnvironmentOptions>::BaseOptionField>, node::EnvironmentOptions* (node::PerIsolateOptions::*)())::AdaptedField::LookupImpl(node::PerIsolateOptions*) const
      1    1.6%      LazyCompile: ~moduleResolve node:internal/modules/esm/resolve:917:23
      1  100.0%        LazyCompile: ~defaultResolve node:internal/modules/esm/resolve:981:24
      1  100.0%          LazyCompile: ~resolve node:internal/modules/esm/loader:402:16
      1  100.0%            LazyCompile: ~getModuleJob node:internal/modules/esm/loader:221:21
      1    1.6%      LazyCompile: ~moduleProvider node:internal/modules/esm/loader:229:28
      1  100.0%        t auto node::options_parser::OptionsParser<node::PerIsolateOptions>::Convert<node::options_parser::OptionsParser<node::EnvironmentOptions>::BaseOptionField, node::EnvironmentOptions>(std::__1::shared_ptr<node::options_parser::OptionsParser<node::EnvironmentOptions>::BaseOptionField>, node::EnvironmentOptions* (node::PerIsolateOptions::*)())::AdaptedField::LookupImpl(node::PerIsolateOptions*) const
      1    1.6%      LazyCompile: ~module.exports.modifyConfig /Users/usuario/Desktop/node-projects/Clases/clase32/node_modules/log4js/lib/appenders/adapters.js:44:31
      1  100.0%        LazyCompile: ~<anonymous> /Users/usuario/Desktop/node-projects/Clases/clase32/node_modules/log4js/lib/appenders/index.js:87:34
      1  100.0%          LazyCompile: ~onlyOnMaster /Users/usuario/Desktop/node-projects/Clases/clase32/node_modules/log4js/lib/clustering.js:85:17
      1  100.0%            LazyCompile: ~createAppender /Users/usuario/Desktop/node-projects/Clases/clase32/node_modules/log4js/lib/appenders/index.js:61:24
      1    1.6%      LazyCompile: ~module.exports.evaluate /Users/usuario/Desktop/node-projects/Clases/clase32/node_modules/@mapbox/node-pre-gyp/lib/util/versioning.js:277:35
      1  100.0%        LazyCompile: ~exports.find /Users/usuario/Desktop/node-projects/Clases/clase32/node_modules/@mapbox/node-pre-gyp/lib/pre-binding.js:17:24
      1  100.0%          Function: ~<anonymous> /Users/usuario/Desktop/node-projects/Clases/clase32/node_modules/bcrypt/bcrypt.js:1:1
      1  100.0%            Function: ^Module._compile node:internal/modules/cjs/loader:1055:37
      1    1.6%      LazyCompile: ~loadNativeModule node:internal/modules/cjs/helpers:44:26
      1  100.0%        LazyCompile: ~Module._load node:internal/modules/cjs/loader:757:24
      1  100.0%          LazyCompile: ~Module.require node:internal/modules/cjs/loader:997:36
      1  100.0%            LazyCompile: ~require node:internal/modules/cjs/helpers:101:31
      1    1.6%      LazyCompile: ~listen /Users/usuario/Desktop/node-projects/Clases/clase32/node_modules/express/lib/application.js:616:29
      1  100.0%        Script: ~<anonymous> file:///Users/usuario/Desktop/node-projects/Clases/clase32/app.js:1:1
      1  100.0%          t auto node::options_parser::OptionsParser<node::PerIsolateOptions>::Convert<node::options_parser::OptionsParser<node::EnvironmentOptions>::BaseOptionField, node::EnvironmentOptions>(std::__1::shared_ptr<node::options_parser::OptionsParser<node::EnvironmentOptions>::BaseOptionField>, node::EnvironmentOptions* (node::PerIsolateOptions::*)())::AdaptedField::LookupImpl(node::PerIsolateOptions*) const
      1  100.0%            T node::loader::ModuleWrap::Evaluate(v8::FunctionCallbackInfo<v8::Value> const&)
      1    1.6%      LazyCompile: ~lazyrouter /Users/usuario/Desktop/node-projects/Clases/clase32/node_modules/express/lib/application.js:137:37
      1  100.0%        LazyCompile: ~app.<computed> /Users/usuario/Desktop/node-projects/Clases/clase32/node_modules/express/lib/application.js:473:25
      1  100.0%          Script: ~<anonymous> file:///Users/usuario/Desktop/node-projects/Clases/clase32/app.js:1:1
      1  100.0%            t auto node::options_parser::OptionsParser<node::PerIsolateOptions>::Convert<node::options_parser::OptionsParser<node::EnvironmentOptions>::BaseOptionField, node::EnvironmentOptions>(std::__1::shared_ptr<node::options_parser::OptionsParser<node::EnvironmentOptions>::BaseOptionField>, node::EnvironmentOptions* (node::PerIsolateOptions::*)())::AdaptedField::LookupImpl(node::PerIsolateOptions*) const
      1    1.6%      LazyCompile: ~init /Users/usuario/Desktop/node-projects/Clases/clase32/node_modules/express/lib/application.js:57:25
      1  100.0%        LazyCompile: ~createApplication /Users/usuario/Desktop/node-projects/Clases/clase32/node_modules/express/lib/express.js:37:27
      1  100.0%          Script: ~<anonymous> file:///Users/usuario/Desktop/node-projects/Clases/clase32/app.js:1:1
      1  100.0%            t auto node::options_parser::OptionsParser<node::PerIsolateOptions>::Convert<node::options_parser::OptionsParser<node::EnvironmentOptions>::BaseOptionField, node::EnvironmentOptions>(std::__1::shared_ptr<node::options_parser::OptionsParser<node::EnvironmentOptions>::BaseOptionField>, node::EnvironmentOptions* (node::PerIsolateOptions::*)())::AdaptedField::LookupImpl(node::PerIsolateOptions*) const
      1    1.6%      LazyCompile: ~getOptionValue node:internal/options:39:24
      1  100.0%        LazyCompile: ~setupDebugEnv node:internal/bootstrap/pre_execution:193:23
      1  100.0%          LazyCompile: ~prepareMainThreadExecution node:internal/bootstrap/pre_execution:22:36
      1  100.0%            Function: ~<anonymous> node:internal/main/run_main_module:1:1
      1    1.6%      LazyCompile: ~get WriteStream node:fs:2993:18
      1  100.0%        t auto node::options_parser::OptionsParser<node::PerIsolateOptions>::Convert<node::options_parser::OptionsParser<node::EnvironmentOptions>::BaseOptionField, node::EnvironmentOptions>(std::__1::shared_ptr<node::options_parser::OptionsParser<node::EnvironmentOptions>::BaseOptionField>, node::EnvironmentOptions* (node::PerIsolateOptions::*)())::AdaptedField::LookupImpl(node::PerIsolateOptions*) const
      1  100.0%          Function: ^getOwn node:internal/bootstrap/loaders:180:16
      1  100.0%            Function: ^syncExports node:internal/bootstrap/loaders:287:14
      1    1.6%      LazyCompile: ~get ReadStream node:fs:2984:17
      1  100.0%        t auto node::options_parser::OptionsParser<node::PerIsolateOptions>::Convert<node::options_parser::OptionsParser<node::EnvironmentOptions>::BaseOptionField, node::EnvironmentOptions>(std::__1::shared_ptr<node::options_parser::OptionsParser<node::EnvironmentOptions>::BaseOptionField>, node::EnvironmentOptions* (node::PerIsolateOptions::*)())::AdaptedField::LookupImpl(node::PerIsolateOptions*) const
      1  100.0%          Function: ^getOwn node:internal/bootstrap/loaders:180:16
      1  100.0%            Function: ^syncExports node:internal/bootstrap/loaders:287:14
      1    1.6%      LazyCompile: ~formatValue node:internal/util/inspect:726:21
      1  100.0%        LazyCompile: ~inspect node:internal/util/inspect:286:17
      1  100.0%          LazyCompile: ~createAppender /Users/usuario/Desktop/node-projects/Clases/clase32/node_modules/log4js/lib/appenders/index.js:61:24
      1  100.0%            LazyCompile: ~getAppender /Users/usuario/Desktop/node-projects/Clases/clase32/node_modules/log4js/lib/appenders/index.js:47:21
      1    1.6%      LazyCompile: ~forEachCode /Users/usuario/Desktop/node-projects/Clases/clase32/node_modules/http-errors/index.js:265:38
      1  100.0%        t auto node::options_parser::OptionsParser<node::PerIsolateOptions>::Convert<node::options_parser::OptionsParser<node::EnvironmentOptions>::BaseOptionField, node::EnvironmentOptions>(std::__1::shared_ptr<node::options_parser::OptionsParser<node::EnvironmentOptions>::BaseOptionField>, node::EnvironmentOptions* (node::PerIsolateOptions::*)())::AdaptedField::LookupImpl(node::PerIsolateOptions*) const
      1  100.0%          LazyCompile: ~populateConstructorExports /Users/usuario/Desktop/node-projects/Clases/clase32/node_modules/http-errors/index.js:264:37
      1  100.0%            Function: ~<anonymous> /Users/usuario/Desktop/node-projects/Clases/clase32/node_modules/http-errors/index.js:1:1
      1    1.6%      LazyCompile: ~decode node:internal/encoding:408:11
      1  100.0%        LazyCompile: ~stringify node:internal/modules/esm/translators:95:19
      1  100.0%          LazyCompile: ~moduleStrategy node:internal/modules/esm/translators:134:56
      1  100.0%            LazyCompile: ~moduleProvider node:internal/modules/esm/loader:229:28
      1    1.6%      LazyCompile: ~createWritableStdioStream node:internal/bootstrap/switches/is_main_thread:41:35
      1  100.0%        LazyCompile: ~getStderr node:internal/bootstrap/switches/is_main_thread:133:19
      1  100.0%          Function: ~<anonymous> /Users/usuario/Desktop/node-projects/Clases/clase32/node_modules/debug/src/node.js:1:1
      1  100.0%            LazyCompile: ~Module._compile node:internal/modules/cjs/loader:1055:37
      1    1.6%      LazyCompile: ~configure /Users/usuario/Desktop/node-projects/Clases/clase32/node_modules/log4js/lib/appenders/LogLevelFilter.js:12:19
      1  100.0%        LazyCompile: ~<anonymous> /Users/usuario/Desktop/node-projects/Clases/clase32/node_modules/log4js/lib/appenders/index.js:87:34
      1  100.0%          LazyCompile: ~onlyOnMaster /Users/usuario/Desktop/node-projects/Clases/clase32/node_modules/log4js/lib/clustering.js:85:17
      1  100.0%            LazyCompile: ~createAppender /Users/usuario/Desktop/node-projects/Clases/clase32/node_modules/log4js/lib/appenders/index.js:61:24
      1    1.6%      LazyCompile: ~compileFunction node:vm:308:25
      1  100.0%        LazyCompile: ~wrapSafe node:internal/modules/cjs/loader:1017:18
      1  100.0%          LazyCompile: ~Module._compile node:internal/modules/cjs/loader:1055:37
      1  100.0%            LazyCompile: ~Module._extensions..js node:internal/modules/cjs/loader:1110:37
      1    1.6%      LazyCompile: ~byteLength node:buffer:640:17
      1  100.0%        LazyCompile: ~fromStringFast node:buffer:412:24
      1  100.0%          LazyCompile: ~fromString node:buffer:431:20
      1  100.0%            LazyCompile: ~from node:buffer:295:28
      1    1.6%      LazyCompile: ~WriteStream /Users/usuario/Desktop/node-projects/Clases/clase32/node_modules/graceful-fs/graceful-fs.js:301:24
      1  100.0%        LazyCompile: ~createWriteStream /Users/usuario/Desktop/node-projects/Clases/clase32/node_modules/graceful-fs/graceful-fs.js:325:30
      1  100.0%          LazyCompile: ~_renewWriteStream /Users/usuario/Desktop/node-projects/Clases/clase32/node_modules/streamroller/lib/RollingFileWriteStream.js:240:20
      1  100.0%            LazyCompile: ~RollingFileWriteStream /Users/usuario/Desktop/node-projects/Clases/clase32/node_modules/streamroller/lib/RollingFileWriteStream.js:31:14
      1    1.6%      LazyCompile: ~RollingFileWriteStream /Users/usuario/Desktop/node-projects/Clases/clase32/node_modules/streamroller/lib/RollingFileWriteStream.js:31:14
      1  100.0%        LazyCompile: ~RollingFileStream /Users/usuario/Desktop/node-projects/Clases/clase32/node_modules/streamroller/lib/RollingFileStream.js:5:14
      1  100.0%          LazyCompile: ~openTheStream /Users/usuario/Desktop/node-projects/Clases/clase32/node_modules/log4js/lib/appenders/file.js:16:23
      1  100.0%            LazyCompile: ~fileAppender /Users/usuario/Desktop/node-projects/Clases/clase32/node_modules/log4js/lib/appenders/file.js:46:22
      1    1.6%      LazyCompile: ~ReadableState node:internal/streams/readable:78:23
      1  100.0%        LazyCompile: ~Readable node:internal/streams/readable:181:18
      1  100.0%          LazyCompile: ~Duplex node:internal/streams/duplex:52:16
      1  100.0%            LazyCompile: ~Socket node:net:283:16
      1    1.6%      LazyCompile: ~MixedEventEmitter node:internal/event_target:829:16
      1  100.0%        LazyCompile: ~FileHandle node:internal/fs/promises:116:14
      1  100.0%          LazyCompile: ~open node:internal/fs/promises:449:20
      1  100.0%            t auto node::options_parser::OptionsParser<node::PerIsolateOptions>::Convert<node::options_parser::OptionsParser<node::EnvironmentOptions>::BaseOptionField, node::EnvironmentOptions>(std::__1::shared_ptr<node::options_parser::OptionsParser<node::EnvironmentOptions>::BaseOptionField>, node::EnvironmentOptions* (node::PerIsolateOptions::*)())::AdaptedField::LookupImpl(node::PerIsolateOptions*) const
      1    1.6%      LazyCompile: ~Layer /Users/usuario/Desktop/node-projects/Clases/clase32/node_modules/express/lib/router/layer.js:33:15
      1  100.0%        LazyCompile: ~Layer /Users/usuario/Desktop/node-projects/Clases/clase32/node_modules/express/lib/router/layer.js:33:15
      1  100.0%          LazyCompile: ~Route.<computed> /Users/usuario/Desktop/node-projects/Clases/clase32/node_modules/express/lib/router/route.js:193:37
      1  100.0%            LazyCompile: ~app.<computed> /Users/usuario/Desktop/node-projects/Clases/clase32/node_modules/express/lib/application.js:473:25
      1    1.6%      LazyCompile: ~<anonymous> /Users/usuario/Desktop/node-projects/Clases/clase32/node_modules/express/lib/express.js:109:37
      1  100.0%        t auto node::options_parser::OptionsParser<node::PerIsolateOptions>::Convert<node::options_parser::OptionsParser<node::EnvironmentOptions>::BaseOptionField, node::EnvironmentOptions>(std::__1::shared_ptr<node::options_parser::OptionsParser<node::EnvironmentOptions>::BaseOptionField>, node::EnvironmentOptions* (node::PerIsolateOptions::*)())::AdaptedField::LookupImpl(node::PerIsolateOptions*) const
      1  100.0%          Function: ~<anonymous> /Users/usuario/Desktop/node-projects/Clases/clase32/node_modules/express/lib/express.js:1:1
      1  100.0%            LazyCompile: ~Module._compile node:internal/modules/cjs/loader:1055:37
      1    1.6%      Function: ~<anonymous> node:internal/main/run_main_module:1:1
      1    1.6%      Function: ~<anonymous> node:internal/crypto/cipher:1:1
      1  100.0%        Function: ^compileForInternalLoader node:internal/bootstrap/loaders:299:27
      1  100.0%          Function: ^nativeModuleRequire node:internal/bootstrap/loaders:332:29
      1  100.0%            Function: ~<anonymous> node:crypto:1:1
      1    1.6%      Function: ~<anonymous> /Users/usuario/Desktop/node-projects/Clases/clase32/node_modules/safe-buffer/index.js:1:1
      1  100.0%        Function: ^Module._compile node:internal/modules/cjs/loader:1055:37
      1  100.0%          LazyCompile: ~Module._extensions..js node:internal/modules/cjs/loader:1110:37
      1  100.0%            Function: ^Module.load node:internal/modules/cjs/loader:969:33
      1    1.6%      Function: ~<anonymous> /Users/usuario/Desktop/node-projects/Clases/clase32/node_modules/log4js/lib/appenders/index.js:1:1
      1  100.0%        Function: ^Module._compile node:internal/modules/cjs/loader:1055:37
      1  100.0%          Function: ^Module._extensions..js node:internal/modules/cjs/loader:1110:37
      1  100.0%            Function: ^Module.load node:internal/modules/cjs/loader:969:33
      1    1.6%      Function: ~<anonymous> /Users/usuario/Desktop/node-projects/Clases/clase32/node_modules/graceful-fs/graceful-fs.js:1:1
      1  100.0%        Function: ^Module._compile node:internal/modules/cjs/loader:1055:37
      1  100.0%          Function: ^Module._extensions..js node:internal/modules/cjs/loader:1110:37
      1  100.0%            Function: ^Module.load node:internal/modules/cjs/loader:969:33
      1    1.6%      Function: ~<anonymous> /Users/usuario/Desktop/node-projects/Clases/clase32/node_modules/express/lib/utils.js:1:1
      1  100.0%        Function: ^Module._compile node:internal/modules/cjs/loader:1055:37
      1  100.0%          LazyCompile: ~Module._extensions..js node:internal/modules/cjs/loader:1110:37
      1  100.0%            Function: ^Module.load node:internal/modules/cjs/loader:969:33

     70    5.1%  t node::fs::InternalModuleStat(v8::FunctionCallbackInfo<v8::Value> const&)
     70  100.0%    t auto node::options_parser::OptionsParser<node::PerIsolateOptions>::Convert<node::options_parser::OptionsParser<node::EnvironmentOptions>::BaseOptionField, node::EnvironmentOptions>(std::__1::shared_ptr<node::options_parser::OptionsParser<node::EnvironmentOptions>::BaseOptionField>, node::EnvironmentOptions* (node::PerIsolateOptions::*)())::AdaptedField::LookupImpl(node::PerIsolateOptions*) const
     68   97.1%      Function: ^stat node:internal/modules/cjs/loader:151:14
     47   69.1%        Function: ^tryFile node:internal/modules/cjs/loader:384:17
     40   85.1%          Function: ^tryExtensions node:internal/modules/cjs/loader:400:23
     30   75.0%            Function: ^Module._findPath node:internal/modules/cjs/loader:494:28
      5   12.5%            LazyCompile: ~tryPackage node:internal/modules/cjs/loader:338:20
      5   12.5%            Function: ^tryPackage node:internal/modules/cjs/loader:338:20
      7   14.9%          Function: ^tryPackage node:internal/modules/cjs/loader:338:20
      7  100.0%            Function: ^Module._findPath node:internal/modules/cjs/loader:494:28
     18   26.5%        Function: ^Module._findPath node:internal/modules/cjs/loader:494:28
     18  100.0%          Function: ^Module._resolveFilename node:internal/modules/cjs/loader:848:35
     18  100.0%            Function: ^Module._load node:internal/modules/cjs/loader:757:24
      3    4.4%        LazyCompile: ~tryFile node:internal/modules/cjs/loader:384:17
      2   66.7%          LazyCompile: ~tryExtensions node:internal/modules/cjs/loader:400:23
      2  100.0%            LazyCompile: ~tryPackage node:internal/modules/cjs/loader:338:20
      1   33.3%          Function: ^tryExtensions node:internal/modules/cjs/loader:400:23
      1  100.0%            LazyCompile: ~tryPackage node:internal/modules/cjs/loader:338:20
      2    2.9%      LazyCompile: ~stat node:internal/modules/cjs/loader:151:14
      2  100.0%        LazyCompile: ~tryFile node:internal/modules/cjs/loader:384:17
      2  100.0%          LazyCompile: ~tryExtensions node:internal/modules/cjs/loader:400:23
      2  100.0%            LazyCompile: ~Module._findPath node:internal/modules/cjs/loader:494:28

     42    3.0%  /usr/lib/system/libsystem_pthread.dylib
     39   92.9%    t auto node::options_parser::OptionsParser<node::PerIsolateOptions>::Convert<node::options_parser::OptionsParser<node::EnvironmentOptions>::BaseOptionField, node::EnvironmentOptions>(std::__1::shared_ptr<node::options_parser::OptionsParser<node::EnvironmentOptions>::BaseOptionField>, node::EnvironmentOptions* (node::PerIsolateOptions::*)())::AdaptedField::LookupImpl(node::PerIsolateOptions*) const
      4   10.3%      LazyCompile: ~toRealPath node:internal/modules/cjs/loader:393:20
      4  100.0%        LazyCompile: ~Module._findPath node:internal/modules/cjs/loader:494:28
      4  100.0%          LazyCompile: ~resolveMainPath node:internal/modules/run_main:11:25
      4  100.0%            LazyCompile: ~executeUserEntryPoint node:internal/modules/run_main:74:31
      3    7.7%      LazyCompile: ~onParseError node:internal/url:551:22
      3  100.0%        t auto node::options_parser::OptionsParser<node::PerIsolateOptions>::Convert<node::options_parser::OptionsParser<node::EnvironmentOptions>::BaseOptionField, node::EnvironmentOptions>(std::__1::shared_ptr<node::options_parser::OptionsParser<node::EnvironmentOptions>::BaseOptionField>, node::EnvironmentOptions* (node::PerIsolateOptions::*)())::AdaptedField::LookupImpl(node::PerIsolateOptions*) const
      3  100.0%          LazyCompile: ~URL node:internal/url:620:14
      3  100.0%            LazyCompile: ~defaultResolve node:internal/modules/esm/resolve:981:24
      3    7.7%      LazyCompile: ~createAppender /Users/usuario/Desktop/node-projects/Clases/clase32/node_modules/log4js/lib/appenders/index.js:61:24
      3  100.0%        LazyCompile: ~getAppender /Users/usuario/Desktop/node-projects/Clases/clase32/node_modules/log4js/lib/appenders/index.js:47:21
      3  100.0%          LazyCompile: ~<anonymous> /Users/usuario/Desktop/node-projects/Clases/clase32/node_modules/log4js/lib/appenders/index.js:105:41
      3  100.0%            t auto node::options_parser::OptionsParser<node::PerIsolateOptions>::Convert<node::options_parser::OptionsParser<node::EnvironmentOptions>::BaseOptionField, node::EnvironmentOptions>(std::__1::shared_ptr<node::options_parser::OptionsParser<node::EnvironmentOptions>::BaseOptionField>, node::EnvironmentOptions* (node::PerIsolateOptions::*)())::AdaptedField::LookupImpl(node::PerIsolateOptions*) const
      2    5.1%      LazyCompile: ~validate_config /Users/usuario/Desktop/node-projects/Clases/clase32/node_modules/@mapbox/node-pre-gyp/lib/util/versioning.js:195:25
      2  100.0%        LazyCompile: ~exports.find /Users/usuario/Desktop/node-projects/Clases/clase32/node_modules/@mapbox/node-pre-gyp/lib/pre-binding.js:17:24
      2  100.0%          Function: ~<anonymous> /Users/usuario/Desktop/node-projects/Clases/clase32/node_modules/bcrypt/bcrypt.js:1:1
      2  100.0%            Function: ^Module._compile node:internal/modules/cjs/loader:1055:37
      2    5.1%      LazyCompile: ~stringify node:internal/modules/esm/translators:95:19
      2  100.0%        LazyCompile: ~moduleStrategy node:internal/modules/esm/translators:134:56
      2  100.0%          LazyCompile: ~moduleProvider node:internal/modules/esm/loader:229:28
      2  100.0%            t auto node::options_parser::OptionsParser<node::PerIsolateOptions>::Convert<node::options_parser::OptionsParser<node::EnvironmentOptions>::BaseOptionField, node::EnvironmentOptions>(std::__1::shared_ptr<node::options_parser::OptionsParser<node::EnvironmentOptions>::BaseOptionField>, node::EnvironmentOptions* (node::PerIsolateOptions::*)())::AdaptedField::LookupImpl(node::PerIsolateOptions*) const
      2    5.1%      LazyCompile: ~realpathSync node:fs:2408:22
      2  100.0%        LazyCompile: ~toRealPath node:internal/modules/cjs/loader:393:20
      2  100.0%          LazyCompile: ~Module._findPath node:internal/modules/cjs/loader:494:28
      2  100.0%            LazyCompile: ~resolveMainPath node:internal/modules/run_main:11:25
      2    5.1%      Function: ~<anonymous> node:internal/fs/rimraf:1:1
      2  100.0%        LazyCompile: ~compileForInternalLoader node:internal/bootstrap/loaders:299:27
      2  100.0%          LazyCompile: ~nativeModuleRequire node:internal/bootstrap/loaders:332:29
      2  100.0%            Function: ~<anonymous> node:internal/fs/promises:1:1
      2    5.1%      Function: ~<anonymous> node:internal/fs/promises:1:1
      2  100.0%        LazyCompile: ~compileForInternalLoader node:internal/bootstrap/loaders:299:27
      2  100.0%          LazyCompile: ~nativeModuleRequire node:internal/bootstrap/loaders:332:29
      2  100.0%            Function: ~<anonymous> node:internal/modules/esm/get_source:1:1
      1    2.6%      Script: ~<anonymous> file:///Users/usuario/Desktop/node-projects/Clases/clase32/app.js:1:1
      1  100.0%        t auto node::options_parser::OptionsParser<node::PerIsolateOptions>::Convert<node::options_parser::OptionsParser<node::EnvironmentOptions>::BaseOptionField, node::EnvironmentOptions>(std::__1::shared_ptr<node::options_parser::OptionsParser<node::EnvironmentOptions>::BaseOptionField>, node::EnvironmentOptions* (node::PerIsolateOptions::*)())::AdaptedField::LookupImpl(node::PerIsolateOptions*) const
      1  100.0%          T node::loader::ModuleWrap::Evaluate(v8::FunctionCallbackInfo<v8::Value> const&)
      1  100.0%            LazyCompile: ~run node:internal/modules/esm/module_job:180:12
      1    2.6%      LazyCompile: ~value node:internal/console/constructor:320:20
      1  100.0%        LazyCompile: ~log node:internal/console/constructor:358:6
      1  100.0%          t auto node::options_parser::OptionsParser<node::PerIsolateOptions>::Convert<node::options_parser::OptionsParser<node::EnvironmentOptions>::BaseOptionField, node::EnvironmentOptions>(std::__1::shared_ptr<node::options_parser::OptionsParser<node::EnvironmentOptions>::BaseOptionField>, node::EnvironmentOptions* (node::PerIsolateOptions::*)())::AdaptedField::LookupImpl(node::PerIsolateOptions*) const
      1  100.0%            LazyCompile: ~<anonymous> file:///Users/usuario/Desktop/node-projects/Clases/clase32/app.js:15:20
      1    2.6%      LazyCompile: ~setupWarningHandler node:internal/bootstrap/pre_execution:141:29
      1  100.0%        LazyCompile: ~prepareMainThreadExecution node:internal/bootstrap/pre_execution:22:36
      1  100.0%          Function: ~<anonymous> node:internal/main/run_main_module:1:1
      1    2.6%      LazyCompile: ~setupListenHandle node:net:1287:27
      1  100.0%        LazyCompile: ~listenInCluster node:net:1372:25
      1  100.0%          LazyCompile: ~Server.listen node:net:1414:35
      1  100.0%            LazyCompile: ~listen /Users/usuario/Desktop/node-projects/Clases/clase32/node_modules/express/lib/application.js:616:29
      1    2.6%      LazyCompile: ~retry /Users/usuario/Desktop/node-projects/Clases/clase32/node_modules/graceful-fs/graceful-fs.js:378:16
      1  100.0%        LazyCompile: ~resetQueue /Users/usuario/Desktop/node-projects/Clases/clase32/node_modules/graceful-fs/graceful-fs.js:364:21
      1  100.0%          LazyCompile: ~closeSync /Users/usuario/Desktop/node-projects/Clases/clase32/node_modules/graceful-fs/graceful-fs.js:72:24
      1  100.0%            Function: ^readFileSync node:fs:450:22
      1    2.6%      LazyCompile: ~resolve node:path:1091:10
      1  100.0%        LazyCompile: ~patchProcessObject node:internal/bootstrap/pre_execution:81:28
      1  100.0%          LazyCompile: ~prepareMainThreadExecution node:internal/bootstrap/pre_execution:22:36
      1  100.0%            Function: ~<anonymous> node:internal/main/run_main_module:1:1
      1    2.6%      LazyCompile: ~processTicksAndRejections node:internal/process/task_queues:68:35
      1    2.6%      LazyCompile: ~prepareMainThreadExecution node:internal/bootstrap/pre_execution:22:36
      1  100.0%        Function: ~<anonymous> node:internal/main/run_main_module:1:1
      1    2.6%      LazyCompile: ~patchProcessObject node:internal/bootstrap/pre_execution:81:28
      1  100.0%        LazyCompile: ~prepareMainThreadExecution node:internal/bootstrap/pre_execution:22:36
      1  100.0%          Function: ~<anonymous> node:internal/main/run_main_module:1:1
      1    2.6%      LazyCompile: ~nextTick node:internal/process/task_queues:104:18
      1  100.0%        LazyCompile: ~defaultTriggerAsyncIdScope node:internal/async_hooks:445:36
      1  100.0%          LazyCompile: ~setupListenHandle node:net:1287:27
      1  100.0%            LazyCompile: ~listenInCluster node:net:1372:25
      1    2.6%      LazyCompile: ~getModuleJob node:internal/modules/esm/loader:221:21
      1  100.0%        LazyCompile: ~import node:internal/modules/esm/loader:268:15
      1  100.0%          LazyCompile: ~<anonymous> node:internal/modules/run_main:47:29
      1  100.0%            LazyCompile: ~loadESM node:internal/process/esm_loader:85:41
      1    2.6%      LazyCompile: ~fromStringFast node:buffer:412:24
      1  100.0%        LazyCompile: ~fromString node:buffer:431:20
      1  100.0%          LazyCompile: ~from node:buffer:295:28
      1  100.0%            Function: ~<anonymous> node:_http_server:1:1
      1    2.6%      LazyCompile: ~createWritableStdioStream node:internal/bootstrap/switches/is_main_thread:41:35
      1  100.0%        LazyCompile: ~getStderr node:internal/bootstrap/switches/is_main_thread:133:19
      1  100.0%          Function: ~<anonymous> /Users/usuario/Desktop/node-projects/Clases/clase32/node_modules/debug/src/node.js:1:1
      1  100.0%            LazyCompile: ~Module._compile node:internal/modules/cjs/loader:1055:37
      1    2.6%      LazyCompile: ~createDebug /Users/usuario/Desktop/node-projects/Clases/clase32/node_modules/debug/src/debug.js:63:21
      1  100.0%        Function: ~<anonymous> /Users/usuario/Desktop/node-projects/Clases/clase32/node_modules/finalhandler/index.js:1:1
      1  100.0%          LazyCompile: ~Module._compile node:internal/modules/cjs/loader:1055:37
      1  100.0%            LazyCompile: ~Module._extensions..js node:internal/modules/cjs/loader:1110:37
      1    2.6%      LazyCompile: ~Socket._writeGeneric node:net:769:42
      1  100.0%        LazyCompile: ~Socket._write node:net:806:35
      1  100.0%          LazyCompile: ~writeOrBuffer node:internal/streams/writable:365:23
      1  100.0%            LazyCompile: ~_write node:internal/streams/writable:283:16
      1    2.6%      LazyCompile: ~Readable node:internal/streams/readable:181:18
      1  100.0%        LazyCompile: ~Duplex node:internal/streams/duplex:52:16
      1  100.0%          LazyCompile: ~Socket node:net:283:16
      1  100.0%            LazyCompile: ~WriteStream node:tty:85:21
      1    2.6%      LazyCompile: ~Module._resolveFilename node:internal/modules/cjs/loader:848:35
      1  100.0%        LazyCompile: ~<anonymous> node:internal/modules/esm/translators:249:36
      1  100.0%          t auto node::options_parser::OptionsParser<node::PerIsolateOptions>::Convert<node::options_parser::OptionsParser<node::EnvironmentOptions>::BaseOptionField, node::EnvironmentOptions>(std::__1::shared_ptr<node::options_parser::OptionsParser<node::EnvironmentOptions>::BaseOptionField>, node::EnvironmentOptions* (node::PerIsolateOptions::*)())::AdaptedField::LookupImpl(node::PerIsolateOptions*) const
      1  100.0%            LazyCompile: ~cjsPreparseModuleExports node:internal/modules/esm/translators:212:34
      1    2.6%      LazyCompile: ~Duplex node:internal/streams/duplex:52:16
      1  100.0%        LazyCompile: ~Socket node:net:283:16
      1  100.0%          LazyCompile: ~WriteStream node:tty:85:21
      1  100.0%            LazyCompile: ~createWritableStdioStream node:internal/bootstrap/switches/is_main_thread:41:35
      1    2.6%      Function: ~<anonymous> /Users/usuario/Desktop/node-projects/Clases/clase32/node_modules/are-we-there-yet/lib/tracker-stream.js:1:1
      1  100.0%        Function: ^Module._compile node:internal/modules/cjs/loader:1055:37
      1  100.0%          Function: ^Module._extensions..js node:internal/modules/cjs/loader:1110:37
      1  100.0%            Function: ^Module.load node:internal/modules/cjs/loader:969:33

     22    1.6%  T _mach_vm_purgable_control
      1    4.5%    t auto node::options_parser::OptionsParser<node::PerIsolateOptions>::Convert<node::options_parser::OptionsParser<node::EnvironmentOptions>::BaseOptionField, node::EnvironmentOptions>(std::__1::shared_ptr<node::options_parser::OptionsParser<node::EnvironmentOptions>::BaseOptionField>, node::EnvironmentOptions* (node::PerIsolateOptions::*)())::AdaptedField::LookupImpl(node::PerIsolateOptions*) const
      1  100.0%      Function: ~<anonymous> node:internal/fs/promises:1:1
      1  100.0%        LazyCompile: ~compileForInternalLoader node:internal/bootstrap/loaders:299:27
      1  100.0%          LazyCompile: ~nativeModuleRequire node:internal/bootstrap/loaders:332:29
      1  100.0%            Function: ~<anonymous> node:internal/modules/esm/get_source:1:1

